[0.047s] Invoking command in '/home/ros/ros2_ws/build/minimal_robot_gazebo': CMAKE_PREFIX_PATH=/opt/ros/humble /usr/bin/cmake /home/ros/ros2_ws/src/minimal_robot_gazebo -DCMAKE_INSTALL_PREFIX=/home/ros/ros2_ws/install/minimal_robot_gazebo
[0.434s] -- The C compiler identification is GNU 11.4.0
[0.728s] -- The CXX compiler identification is GNU 11.4.0
[0.754s] -- Detecting C compiler ABI info
[1.197s] -- Detecting C compiler ABI info - done
[1.211s] -- Check for working C compiler: /usr/bin/cc - skipped
[1.212s] -- Detecting C compile features
[1.212s] -- Detecting C compile features - done
[1.215s] -- Detecting CXX compiler ABI info
[1.621s] -- Detecting CXX compiler ABI info - done
[1.635s] -- Check for working CXX compiler: /usr/bin/c++ - skipped
[1.636s] -- Detecting CXX compile features
[1.636s] -- Detecting CXX compile features - done
[1.648s] -- Found ament_cmake: 1.3.11 (/opt/ros/humble/share/ament_cmake/cmake)
[2.134s] -- Found Python3: /usr/bin/python3 (found version "3.10.12") found components: Interpreter 
[2.291s] -- Found gazebo_ros: 3.9.0 (/opt/ros/humble/share/gazebo_ros/cmake)
[2.330s] -- Found rosidl_generator_c: 3.1.6 (/opt/ros/humble/share/rosidl_generator_c/cmake)
[2.333s] -- Found rosidl_adapter: 3.1.6 (/opt/ros/humble/share/rosidl_adapter/cmake)
[2.340s] -- Found rosidl_generator_cpp: 3.1.6 (/opt/ros/humble/share/rosidl_generator_cpp/cmake)
[2.351s] -- Using all available rosidl_typesupport_c: rosidl_typesupport_fastrtps_c;rosidl_typesupport_introspection_c
[2.364s] -- Using all available rosidl_typesupport_cpp: rosidl_typesupport_fastrtps_cpp;rosidl_typesupport_introspection_cpp
[2.400s] -- Found rmw_implementation_cmake: 6.1.2 (/opt/ros/humble/share/rmw_implementation_cmake/cmake)
[2.402s] -- Found rmw_fastrtps_cpp: 6.2.7 (/opt/ros/humble/share/rmw_fastrtps_cpp/cmake)
[2.730s] -- Found OpenSSL: /usr/lib/x86_64-linux-gnu/libcrypto.so (found version "3.0.2")  
[2.758s] -- Found FastRTPS: /opt/ros/humble/include  
[2.803s] -- Using RMW implementation 'rmw_fastrtps_cpp' as default
[2.813s] -- Looking for pthread.h
[3.217s] -- Looking for pthread.h - found
[3.218s] -- Performing Test CMAKE_HAVE_LIBC_PTHREAD
[3.631s] -- Performing Test CMAKE_HAVE_LIBC_PTHREAD - Success
[3.632s] -- Found Threads: TRUE  
[3.694s] -- Found PkgConfig: /usr/bin/pkg-config (found version "0.29.2") 
[3.694s] -- Checking for module 'bullet>=2.82'
[3.771s] --   Found bullet, version 3.05
[4.275s] -- Found fcl: /usr/include (found suitable version "0.7.0", minimum required is "0.5.0") 
[4.562s] -- Found assimp: /usr/include (found version "5.2.0") 
[4.581s] -- Found DART: /usr/include (Required is at least version "6.6") found components: dart 
[4.614s] -- Found Boost: /usr/lib/x86_64-linux-gnu/cmake/Boost-1.74.0/BoostConfig.cmake (found suitable version "1.74.0", minimum required is "1.40.0") found components: thread system filesystem program_options regex iostreams date_time 
[4.640s] -- Found Protobuf: /usr/lib/x86_64-linux-gnu/libprotobuf.so (found version "3.12.4") 
[4.643s] -- Looking for ignition-math6 -- found version 6.15.1
[4.650s] -- Searching for dependencies of ignition-math6
[4.651s] -- Looking for OGRE...
[4.651s] -- OGRE_PREFIX_WATCH changed.
[4.665s] -- Checking for module 'OGRE'
[4.740s] --   Found OGRE, version 1.9.0
[4.948s] -- Found Ogre Ghadamon (1.9.0)
[4.953s] -- Found OGRE: optimized;/usr/lib/x86_64-linux-gnu/libOgreMain.so;debug;/usr/lib/x86_64-linux-gnu/libOgreMain.so
[4.960s] -- Looking for OGRE_Paging...
[4.964s] -- Found OGRE_Paging: optimized;/usr/lib/x86_64-linux-gnu/libOgrePaging.so;debug;/usr/lib/x86_64-linux-gnu/libOgrePaging.so
[4.965s] -- Looking for OGRE_Terrain...
[4.968s] -- Found OGRE_Terrain: optimized;/usr/lib/x86_64-linux-gnu/libOgreTerrain.so;debug;/usr/lib/x86_64-linux-gnu/libOgreTerrain.so
[4.969s] -- Looking for OGRE_Property...
[4.973s] -- Found OGRE_Property: optimized;/usr/lib/x86_64-linux-gnu/libOgreProperty.so;debug;/usr/lib/x86_64-linux-gnu/libOgreProperty.so
[4.973s] -- Looking for OGRE_RTShaderSystem...
[4.977s] -- Found OGRE_RTShaderSystem: optimized;/usr/lib/x86_64-linux-gnu/libOgreRTShaderSystem.so;debug;/usr/lib/x86_64-linux-gnu/libOgreRTShaderSystem.so
[4.977s] -- Looking for OGRE_Volume...
[4.981s] -- Found OGRE_Volume: optimized;/usr/lib/x86_64-linux-gnu/libOgreVolume.so;debug;/usr/lib/x86_64-linux-gnu/libOgreVolume.so
[4.981s] -- Looking for OGRE_Overlay...
[4.985s] -- Found OGRE_Overlay: optimized;/usr/lib/x86_64-linux-gnu/libOgreOverlay.so;debug;/usr/lib/x86_64-linux-gnu/libOgreOverlay.so
[5.111s] -- Looking for ignition-math6 -- found version 6.15.1
[5.112s] -- Looking for ignition-transport8 -- found version 8.2.1
[5.113s] -- Searching for dependencies of ignition-transport8
[5.140s] -- Found Protobuf: /usr/lib/x86_64-linux-gnu/libprotobuf.so (found suitable version "3.12.4", minimum required is "3") 
[5.146s] -- Config-file not installed for ZeroMQ -- checking for pkg-config
[5.160s] -- Checking for module 'libzmq >= 4'
[5.236s] --   Found libzmq , version 4.3.4
[5.442s] -- Found ZeroMQ: TRUE (Required is at least version "4") 
[5.456s] -- Checking for module 'uuid'
[5.531s] --   Found uuid, version 2.37.2
[5.729s] -- Found UUID: TRUE  
[5.730s] -- Looking for ignition-msgs5 -- found version 5.8.1
[5.731s] -- Searching for dependencies of ignition-msgs5
[5.757s] -- Looking for ignition-math6 -- found version 6.15.1
[5.770s] -- Checking for module 'tinyxml2'
[5.846s] --   Found tinyxml2, version 9.0.0
[6.044s] -- Looking for ignition-msgs5 -- found version 5.8.1
[6.045s] -- Looking for ignition-common3 -- found version 3.14.0
[6.045s] -- Searching for dependencies of ignition-common3
[6.046s] -- Looking for dlfcn.h - found
[6.046s] -- Looking for libdl - found
[6.047s] -- Found DL: TRUE  
[6.064s] -- Found tinyobjloader: /usr/lib/x86_64-linux-gnu/cmake/tinyobjloader/tinyobjloader-config.cmake (found version "2.0.0") 
[6.065s] -- Searching for <ignition-common3> component [graphics]
[6.066s] -- Looking for ignition-common3-graphics -- found version 3.14.0
[6.066s] -- Searching for dependencies of ignition-common3-graphics
[6.066s] -- Looking for ignition-math6 -- found version 6.15.1
[6.068s] -- Looking for ignition-fuel_tools4 -- found version 4.4.0
[6.068s] -- Searching for dependencies of ignition-fuel_tools4
[6.409s] -- Found CURL: /usr/lib/x86_64-linux-gnu/libcurl.so (found version "7.81.0")  
[6.426s] -- Checking for module 'jsoncpp'
[6.500s] --   Found jsoncpp, version 1.9.5
[6.698s] -- Found JSONCPP: TRUE  
[6.711s] -- Checking for module 'libzip'
[6.786s] --   Found libzip, version 1.7.3
[6.983s] -- Found ZIP: TRUE  
[6.984s] -- Looking for ignition-common3 -- found version 3.14.0
[6.984s] -- Looking for ignition-math6 -- found version 6.15.1
[6.984s] -- Looking for ignition-msgs5 -- found version 5.8.1
[6.988s] -- Gazebo version: 11.10
[6.988s] -- Checking for module 'tbb'
[7.063s] --   Found tbb, version 2021.5.0
[7.263s] -- Found ament_lint_auto: 0.12.12 (/opt/ros/humble/share/ament_lint_auto/cmake)
[7.408s] -- Added test 'flake8' to check Python code syntax and style conventions
[7.410s] -- Added test 'lint_cmake' to check CMake code style
[7.411s] -- Added test 'pep257' to check Python code against some of the docstring style conventions in PEP 257
[7.418s] -- Added test 'xmllint' to check XML markup files
[7.424s] -- Configuring done
[7.445s] -- Generating done
[7.465s] -- Build files have been written to: /home/ros/ros2_ws/build/minimal_robot_gazebo
[7.469s] Invoked command in '/home/ros/ros2_ws/build/minimal_robot_gazebo' returned '0': CMAKE_PREFIX_PATH=/opt/ros/humble /usr/bin/cmake /home/ros/ros2_ws/src/minimal_robot_gazebo -DCMAKE_INSTALL_PREFIX=/home/ros/ros2_ws/install/minimal_robot_gazebo
[7.472s] Invoking command in '/home/ros/ros2_ws/build/minimal_robot_gazebo': CMAKE_PREFIX_PATH=/opt/ros/humble /usr/bin/cmake --build /home/ros/ros2_ws/build/minimal_robot_gazebo -- -j8 -l8
[7.660s] Invoked command in '/home/ros/ros2_ws/build/minimal_robot_gazebo' returned '0': CMAKE_PREFIX_PATH=/opt/ros/humble /usr/bin/cmake --build /home/ros/ros2_ws/build/minimal_robot_gazebo -- -j8 -l8
[7.704s] Invoking command in '/home/ros/ros2_ws/build/minimal_robot_gazebo': CMAKE_PREFIX_PATH=/opt/ros/humble /usr/bin/cmake --install /home/ros/ros2_ws/build/minimal_robot_gazebo
[7.738s] -- Install configuration: ""
[7.738s] -- Installing: /home/ros/ros2_ws/install/minimal_robot_gazebo/share/minimal_robot_gazebo/launch
[7.740s] -- Installing: /home/ros/ros2_ws/install/minimal_robot_gazebo/share/minimal_robot_gazebo/launch/spawn_robot_launch.launch.py
[7.742s] -- Installing: /home/ros/ros2_ws/install/minimal_robot_gazebo/share/minimal_robot_gazebo/urdf
[7.743s] -- Installing: /home/ros/ros2_ws/install/minimal_robot_gazebo/share/minimal_robot_gazebo/urdf/robot.urdf
[7.745s] -- Installing: /home/ros/ros2_ws/install/minimal_robot_gazebo/share/ament_index/resource_index/package_run_dependencies/minimal_robot_gazebo
[7.747s] -- Installing: /home/ros/ros2_ws/install/minimal_robot_gazebo/share/ament_index/resource_index/parent_prefix_path/minimal_robot_gazebo
[7.748s] -- Installing: /home/ros/ros2_ws/install/minimal_robot_gazebo/share/minimal_robot_gazebo/environment/ament_prefix_path.sh
[7.749s] -- Installing: /home/ros/ros2_ws/install/minimal_robot_gazebo/share/minimal_robot_gazebo/environment/ament_prefix_path.dsv
[7.750s] -- Installing: /home/ros/ros2_ws/install/minimal_robot_gazebo/share/minimal_robot_gazebo/environment/path.sh
[7.752s] -- Installing: /home/ros/ros2_ws/install/minimal_robot_gazebo/share/minimal_robot_gazebo/environment/path.dsv
[7.753s] -- Installing: /home/ros/ros2_ws/install/minimal_robot_gazebo/share/minimal_robot_gazebo/local_setup.bash
[7.754s] -- Installing: /home/ros/ros2_ws/install/minimal_robot_gazebo/share/minimal_robot_gazebo/local_setup.sh
[7.755s] -- Installing: /home/ros/ros2_ws/install/minimal_robot_gazebo/share/minimal_robot_gazebo/local_setup.zsh
[7.757s] -- Installing: /home/ros/ros2_ws/install/minimal_robot_gazebo/share/minimal_robot_gazebo/local_setup.dsv
[7.758s] -- Installing: /home/ros/ros2_ws/install/minimal_robot_gazebo/share/minimal_robot_gazebo/package.dsv
[7.759s] -- Installing: /home/ros/ros2_ws/install/minimal_robot_gazebo/share/ament_index/resource_index/packages/minimal_robot_gazebo
[7.761s] -- Installing: /home/ros/ros2_ws/install/minimal_robot_gazebo/share/minimal_robot_gazebo/cmake/minimal_robot_gazeboConfig.cmake
[7.762s] -- Installing: /home/ros/ros2_ws/install/minimal_robot_gazebo/share/minimal_robot_gazebo/cmake/minimal_robot_gazeboConfig-version.cmake
[7.763s] -- Installing: /home/ros/ros2_ws/install/minimal_robot_gazebo/share/minimal_robot_gazebo/package.xml
[7.770s] Invoked command in '/home/ros/ros2_ws/build/minimal_robot_gazebo' returned '0': CMAKE_PREFIX_PATH=/opt/ros/humble /usr/bin/cmake --install /home/ros/ros2_ws/build/minimal_robot_gazebo
