-- Install configuration: ""
-- Up-to-date: /home/robotics/ros2_ws/install/minimal_robot_gazebo/share/minimal_robot_gazebo/launch
-- Up-to-date: /home/robotics/ros2_ws/install/minimal_robot_gazebo/share/minimal_robot_gazebo/launch/spawn_robot.launch.py
-- Up-to-date: /home/robotics/ros2_ws/install/minimal_robot_gazebo/share/minimal_robot_gazebo/urdf
-- Up-to-date: /home/robotics/ros2_ws/install/minimal_robot_gazebo/share/minimal_robot_gazebo/urdf/robot.urdf.xacro
-- Up-to-date: /home/robotics/ros2_ws/install/minimal_robot_gazebo/share/minimal_robot_gazebo/worlds
-- Up-to-date: /home/robotics/ros2_ws/install/minimal_robot_gazebo/share/minimal_robot_gazebo/worlds/my_world.world
-- Up-to-date: /home/robotics/ros2_ws/install/minimal_robot_gazebo/share/ament_index/resource_index/package_run_dependencies/minimal_robot_gazebo
-- Up-to-date: /home/robotics/ros2_ws/install/minimal_robot_gazebo/share/ament_index/resource_index/parent_prefix_path/minimal_robot_gazebo
-- Up-to-date: /home/robotics/ros2_ws/install/minimal_robot_gazebo/share/minimal_robot_gazebo/environment/ament_prefix_path.sh
-- Up-to-date: /home/robotics/ros2_ws/install/minimal_robot_gazebo/share/minimal_robot_gazebo/environment/ament_prefix_path.dsv
-- Up-to-date: /home/robotics/ros2_ws/install/minimal_robot_gazebo/share/minimal_robot_gazebo/environment/path.sh
-- Up-to-date: /home/robotics/ros2_ws/install/minimal_robot_gazebo/share/minimal_robot_gazebo/environment/path.dsv
-- Up-to-date: /home/robotics/ros2_ws/install/minimal_robot_gazebo/share/minimal_robot_gazebo/local_setup.bash
-- Up-to-date: /home/robotics/ros2_ws/install/minimal_robot_gazebo/share/minimal_robot_gazebo/local_setup.sh
-- Up-to-date: /home/robotics/ros2_ws/install/minimal_robot_gazebo/share/minimal_robot_gazebo/local_setup.zsh
-- Up-to-date: /home/robotics/ros2_ws/install/minimal_robot_gazebo/share/minimal_robot_gazebo/local_setup.dsv
-- Up-to-date: /home/robotics/ros2_ws/install/minimal_robot_gazebo/share/minimal_robot_gazebo/package.dsv
-- Up-to-date: /home/robotics/ros2_ws/install/minimal_robot_gazebo/share/ament_index/resource_index/packages/minimal_robot_gazebo
-- Up-to-date: /home/robotics/ros2_ws/install/minimal_robot_gazebo/share/minimal_robot_gazebo/cmake/minimal_robot_gazeboConfig.cmake
-- Up-to-date: /home/robotics/ros2_ws/install/minimal_robot_gazebo/share/minimal_robot_gazebo/cmake/minimal_robot_gazeboConfig-version.cmake
-- Up-to-date: /home/robotics/ros2_ws/install/minimal_robot_gazebo/share/minimal_robot_gazebo/package.xml
