[0.012s] Invoking command in '/home/robotics/ros2_ws/build/minimal_robot_gazebo': CMAKE_PREFIX_PATH=${CMAKE_PREFIX_PATH}:/opt/ros/humble /usr/bin/cmake --build /home/robotics/ros2_ws/build/minimal_robot_gazebo -- -j8 -l8
[0.093s] Invoked command in '/home/robotics/ros2_ws/build/minimal_robot_gazebo' returned '0': CMAKE_PREFIX_PATH=${CMAKE_PREFIX_PATH}:/opt/ros/humble /usr/bin/cmake --build /home/robotics/ros2_ws/build/minimal_robot_gazebo -- -j8 -l8
[0.098s] Invoking command in '/home/robotics/ros2_ws/build/minimal_robot_gazebo': CMAKE_PREFIX_PATH=${CMAKE_PREFIX_PATH}:/opt/ros/humble /usr/bin/cmake --install /home/robotics/ros2_ws/build/minimal_robot_gazebo
[0.101s] -- Install configuration: ""
[0.101s] -- Up-to-date: /home/robotics/ros2_ws/install/minimal_robot_gazebo/share/minimal_robot_gazebo//launch
[0.102s] -- Up-to-date: /home/robotics/ros2_ws/install/minimal_robot_gazebo/share/minimal_robot_gazebo//launch/spawn_robot.launch.py
[0.102s] -- Up-to-date: /home/robotics/ros2_ws/install/minimal_robot_gazebo/share/minimal_robot_gazebo/urdf/urdf
[0.103s] -- Up-to-date: /home/robotics/ros2_ws/install/minimal_robot_gazebo/share/minimal_robot_gazebo/urdf/urdf/robot.urdf
[0.103s] -- Up-to-date: /home/robotics/ros2_ws/install/minimal_robot_gazebo/share/minimal_robot_gazebo/worlds
[0.103s] -- Up-to-date: /home/robotics/ros2_ws/install/minimal_robot_gazebo/share/minimal_robot_gazebo/worlds/my_world.world
[0.104s] -- Up-to-date: /home/robotics/ros2_ws/install/minimal_robot_gazebo/share/ament_index/resource_index/package_run_dependencies/minimal_robot_gazebo
[0.104s] -- Up-to-date: /home/robotics/ros2_ws/install/minimal_robot_gazebo/share/ament_index/resource_index/parent_prefix_path/minimal_robot_gazebo
[0.104s] -- Up-to-date: /home/robotics/ros2_ws/install/minimal_robot_gazebo/share/minimal_robot_gazebo/environment/ament_prefix_path.sh
[0.104s] -- Up-to-date: /home/robotics/ros2_ws/install/minimal_robot_gazebo/share/minimal_robot_gazebo/environment/ament_prefix_path.dsv
[0.105s] -- Up-to-date: /home/robotics/ros2_ws/install/minimal_robot_gazebo/share/minimal_robot_gazebo/environment/path.sh
[0.105s] -- Up-to-date: /home/robotics/ros2_ws/install/minimal_robot_gazebo/share/minimal_robot_gazebo/environment/path.dsv
[0.106s] -- Up-to-date: /home/robotics/ros2_ws/install/minimal_robot_gazebo/share/minimal_robot_gazebo/local_setup.bash
[0.106s] -- Up-to-date: /home/robotics/ros2_ws/install/minimal_robot_gazebo/share/minimal_robot_gazebo/local_setup.sh
[0.107s] -- Up-to-date: /home/robotics/ros2_ws/install/minimal_robot_gazebo/share/minimal_robot_gazebo/local_setup.zsh
[0.107s] -- Up-to-date: /home/robotics/ros2_ws/install/minimal_robot_gazebo/share/minimal_robot_gazebo/local_setup.dsv
[0.107s] -- Up-to-date: /home/robotics/ros2_ws/install/minimal_robot_gazebo/share/minimal_robot_gazebo/package.dsv
[0.108s] -- Up-to-date: /home/robotics/ros2_ws/install/minimal_robot_gazebo/share/ament_index/resource_index/packages/minimal_robot_gazebo
[0.108s] -- Up-to-date: /home/robotics/ros2_ws/install/minimal_robot_gazebo/share/minimal_robot_gazebo/cmake/minimal_robot_gazeboConfig.cmake
[0.109s] -- Up-to-date: /home/robotics/ros2_ws/install/minimal_robot_gazebo/share/minimal_robot_gazebo/cmake/minimal_robot_gazeboConfig-version.cmake
[0.110s] -- Up-to-date: /home/robotics/ros2_ws/install/minimal_robot_gazebo/share/minimal_robot_gazebo/package.xml
[0.111s] Invoked command in '/home/robotics/ros2_ws/build/minimal_robot_gazebo' returned '0': CMAKE_PREFIX_PATH=${CMAKE_PREFIX_PATH}:/opt/ros/humble /usr/bin/cmake --install /home/robotics/ros2_ws/build/minimal_robot_gazebo
