[0.007s] Invoking command in '/home/robotics/ros2_ws/build/minimal_robot_gazebo': CMAKE_PREFIX_PATH=${CMAKE_PREFIX_PATH}:/opt/ros/humble /usr/bin/cmake /home/robotics/ros2_ws/src/minimal_robot_gazebo -DCMAKE_INSTALL_PREFIX=/home/robotics/ros2_ws/install/minimal_robot_gazebo
[0.037s] -- The C compiler identification is GNU 11.4.0
[0.065s] -- The CXX compiler identification is GNU 11.4.0
[0.069s] -- Detecting C compiler ABI info
[0.111s] -- Detecting C compiler ABI info - done
[0.115s] -- Check for working C compiler: /usr/bin/cc - skipped
[0.116s] -- Detecting C compile features
[0.116s] -- Detecting C compile features - done
[0.119s] -- Detecting CXX compiler ABI info
[0.166s] -- Detecting CXX compiler ABI info - done
[0.171s] -- Check for working CXX compiler: /usr/bin/c++ - skipped
[0.171s] -- Detecting CXX compile features
[0.171s] -- Detecting CXX compile features - done
[0.174s] -- Found ament_cmake: 1.3.11 (/opt/ros/humble/share/ament_cmake/cmake)
[0.230s] -- Found Python3: /usr/bin/python3 (found version "3.10.12") found components: Interpreter 
[0.270s] -- Found ros_ign: 0.244.16 (/opt/ros/humble/share/ros_ign/cmake)
[0.271s] -- Found ros_ign_gazebo: 0.244.16 (/opt/ros/humble/share/ros_ign_gazebo/cmake)
[0.290s] -- Found rosidl_generator_c: 3.1.6 (/opt/ros/humble/share/rosidl_generator_c/cmake)
[0.291s] -- Found rosidl_adapter: 3.1.6 (/opt/ros/humble/share/rosidl_adapter/cmake)
[0.298s] -- Found rosidl_generator_cpp: 3.1.6 (/opt/ros/humble/share/rosidl_generator_cpp/cmake)
[0.305s] -- Using all available rosidl_typesupport_c: rosidl_typesupport_fastrtps_c;rosidl_typesupport_introspection_c
[0.319s] -- Using all available rosidl_typesupport_cpp: rosidl_typesupport_fastrtps_cpp;rosidl_typesupport_introspection_cpp
[0.341s] -- Found rmw_implementation_cmake: 6.1.2 (/opt/ros/humble/share/rmw_implementation_cmake/cmake)
[0.342s] -- Found rmw_fastrtps_cpp: 6.2.7 (/opt/ros/humble/share/rmw_fastrtps_cpp/cmake)
[0.381s] -- Found OpenSSL: /usr/lib/aarch64-linux-gnu/libcrypto.so (found version "3.0.2")  
[0.393s] -- Found FastRTPS: /opt/ros/humble/include  
[0.418s] -- Using RMW implementation 'rmw_fastrtps_cpp' as default
[0.422s] -- Looking for pthread.h
[0.469s] -- Looking for pthread.h - found
[0.470s] -- Performing Test CMAKE_HAVE_LIBC_PTHREAD
[0.516s] -- Performing Test CMAKE_HAVE_LIBC_PTHREAD - Success
[0.517s] -- Found Threads: TRUE  
[0.572s] -- Found Protobuf: /usr/lib/aarch64-linux-gnu/libprotobuf.so (found suitable version "3.12.4", minimum required is "3") 
[0.596s] -- Found Protobuf: /usr/lib/aarch64-linux-gnu/libprotobuf.so (found version "3.12.4") 
[0.718s] -- Found ament_lint_auto: 0.12.12 (/opt/ros/humble/share/ament_lint_auto/cmake)
[0.766s] -- Added test 'flake8' to check Python code syntax and style conventions
[0.768s] -- Added test 'lint_cmake' to check CMake code style
[0.769s] -- Added test 'pep257' to check Python code against some of the docstring style conventions in PEP 257
[0.776s] -- Added test 'xmllint' to check XML markup files
[0.783s] -- Configuring done
[0.799s] -- Generating done
[0.810s] -- Build files have been written to: /home/robotics/ros2_ws/build/minimal_robot_gazebo
[0.811s] Invoked command in '/home/robotics/ros2_ws/build/minimal_robot_gazebo' returned '0': CMAKE_PREFIX_PATH=${CMAKE_PREFIX_PATH}:/opt/ros/humble /usr/bin/cmake /home/robotics/ros2_ws/src/minimal_robot_gazebo -DCMAKE_INSTALL_PREFIX=/home/robotics/ros2_ws/install/minimal_robot_gazebo
[0.813s] Invoking command in '/home/robotics/ros2_ws/build/minimal_robot_gazebo': CMAKE_PREFIX_PATH=${CMAKE_PREFIX_PATH}:/opt/ros/humble /usr/bin/cmake --build /home/robotics/ros2_ws/build/minimal_robot_gazebo -- -j8 -l8
[0.830s] Invoked command in '/home/robotics/ros2_ws/build/minimal_robot_gazebo' returned '0': CMAKE_PREFIX_PATH=${CMAKE_PREFIX_PATH}:/opt/ros/humble /usr/bin/cmake --build /home/robotics/ros2_ws/build/minimal_robot_gazebo -- -j8 -l8
[0.835s] Invoking command in '/home/robotics/ros2_ws/build/minimal_robot_gazebo': CMAKE_PREFIX_PATH=${CMAKE_PREFIX_PATH}:/opt/ros/humble /usr/bin/cmake --install /home/robotics/ros2_ws/build/minimal_robot_gazebo
[0.837s] -- Install configuration: ""
[0.838s] -- Installing: /home/robotics/ros2_ws/install/minimal_robot_gazebo/share/minimal_robot_gazebo//launch
[0.838s] -- Installing: /home/robotics/ros2_ws/install/minimal_robot_gazebo/share/minimal_robot_gazebo//launch/spawn_robot.launch.py
[0.840s] -- Installing: /home/robotics/ros2_ws/install/minimal_robot_gazebo/share/minimal_robot_gazebo/urdf
[0.840s] -- Installing: /home/robotics/ros2_ws/install/minimal_robot_gazebo/share/minimal_robot_gazebo/urdf/robot.urdf
[0.842s] -- Installing: /home/robotics/ros2_ws/install/minimal_robot_gazebo/share/minimal_robot_gazebo/worlds
[0.842s] -- Installing: /home/robotics/ros2_ws/install/minimal_robot_gazebo/share/minimal_robot_gazebo/worlds/my_world.world
[0.844s] -- Installing: /home/robotics/ros2_ws/install/minimal_robot_gazebo/share/ament_index/resource_index/package_run_dependencies/minimal_robot_gazebo
[0.846s] -- Installing: /home/robotics/ros2_ws/install/minimal_robot_gazebo/share/ament_index/resource_index/parent_prefix_path/minimal_robot_gazebo
[0.847s] -- Installing: /home/robotics/ros2_ws/install/minimal_robot_gazebo/share/minimal_robot_gazebo/environment/ament_prefix_path.sh
[0.848s] -- Installing: /home/robotics/ros2_ws/install/minimal_robot_gazebo/share/minimal_robot_gazebo/environment/ament_prefix_path.dsv
[0.850s] -- Installing: /home/robotics/ros2_ws/install/minimal_robot_gazebo/share/minimal_robot_gazebo/environment/path.sh
[0.850s] -- Installing: /home/robotics/ros2_ws/install/minimal_robot_gazebo/share/minimal_robot_gazebo/environment/path.dsv
[0.852s] -- Installing: /home/robotics/ros2_ws/install/minimal_robot_gazebo/share/minimal_robot_gazebo/local_setup.bash
[0.853s] -- Installing: /home/robotics/ros2_ws/install/minimal_robot_gazebo/share/minimal_robot_gazebo/local_setup.sh
[0.855s] -- Installing: /home/robotics/ros2_ws/install/minimal_robot_gazebo/share/minimal_robot_gazebo/local_setup.zsh
[0.856s] -- Installing: /home/robotics/ros2_ws/install/minimal_robot_gazebo/share/minimal_robot_gazebo/local_setup.dsv
[0.857s] -- Installing: /home/robotics/ros2_ws/install/minimal_robot_gazebo/share/minimal_robot_gazebo/package.dsv
[0.858s] -- Installing: /home/robotics/ros2_ws/install/minimal_robot_gazebo/share/ament_index/resource_index/packages/minimal_robot_gazebo
[0.860s] -- Installing: /home/robotics/ros2_ws/install/minimal_robot_gazebo/share/minimal_robot_gazebo/cmake/minimal_robot_gazeboConfig.cmake
[0.861s] -- Installing: /home/robotics/ros2_ws/install/minimal_robot_gazebo/share/minimal_robot_gazebo/cmake/minimal_robot_gazeboConfig-version.cmake
[0.862s] -- Installing: /home/robotics/ros2_ws/install/minimal_robot_gazebo/share/minimal_robot_gazebo/package.xml
[0.865s] Invoked command in '/home/robotics/ros2_ws/build/minimal_robot_gazebo' returned '0': CMAKE_PREFIX_PATH=${CMAKE_PREFIX_PATH}:/opt/ros/humble /usr/bin/cmake --install /home/robotics/ros2_ws/build/minimal_robot_gazebo
