[0.008s] Invoking command in '/home/robotics/ros2_ws/build/minimal_robot_gazebo': CMAKE_PREFIX_PATH=${CMAKE_PREFIX_PATH}:/opt/ros/humble /usr/bin/cmake --build /home/robotics/ros2_ws/build/minimal_robot_gazebo -- -j8 -l8
[0.024s] -- Found ament_cmake: 1.3.11 (/opt/ros/humble/share/ament_cmake/cmake)
[0.077s] -- Found ros_ign: 0.244.16 (/opt/ros/humble/share/ros_ign/cmake)
[0.078s] -- Found ros_ign_gazebo: 0.244.16 (/opt/ros/humble/share/ros_ign_gazebo/cmake)
[0.092s] -- Found rosidl_generator_c: 3.1.6 (/opt/ros/humble/share/rosidl_generator_c/cmake)
[0.092s] -- Found rosidl_adapter: 3.1.6 (/opt/ros/humble/share/rosidl_adapter/cmake)
[0.092s] -- Found rosidl_generator_cpp: 3.1.6 (/opt/ros/humble/share/rosidl_generator_cpp/cmake)
[0.100s] -- Using all available rosidl_typesupport_c: rosidl_typesupport_fastrtps_c;rosidl_typesupport_introspection_c
[0.104s] -- Using all available rosidl_typesupport_cpp: rosidl_typesupport_fastrtps_cpp;rosidl_typesupport_introspection_cpp
[0.120s] -- Found rmw_implementation_cmake: 6.1.2 (/opt/ros/humble/share/rmw_implementation_cmake/cmake)
[0.120s] -- Found rmw_fastrtps_cpp: 6.2.7 (/opt/ros/humble/share/rmw_fastrtps_cpp/cmake)
[0.170s] -- Using RMW implementation 'rmw_fastrtps_cpp' as default
[0.212s] -- Found Protobuf: /usr/lib/aarch64-linux-gnu/libprotobuf.so (found suitable version "3.12.4", minimum required is "3") 
[0.235s] -- Found Protobuf: /usr/lib/aarch64-linux-gnu/libprotobuf.so (found version "3.12.4") 
[0.354s] -- Found ament_lint_auto: 0.12.12 (/opt/ros/humble/share/ament_lint_auto/cmake)
[0.392s] -- Added test 'flake8' to check Python code syntax and style conventions
[0.394s] -- Added test 'lint_cmake' to check CMake code style
[0.395s] -- Added test 'pep257' to check Python code against some of the docstring style conventions in PEP 257
[0.402s] -- Added test 'xmllint' to check XML markup files
[0.405s] -- Configuring done
[0.418s] -- Generating done
[0.429s] -- Build files have been written to: /home/robotics/ros2_ws/build/minimal_robot_gazebo
[0.437s] Invoked command in '/home/robotics/ros2_ws/build/minimal_robot_gazebo' returned '0': CMAKE_PREFIX_PATH=${CMAKE_PREFIX_PATH}:/opt/ros/humble /usr/bin/cmake --build /home/robotics/ros2_ws/build/minimal_robot_gazebo -- -j8 -l8
[0.441s] Invoking command in '/home/robotics/ros2_ws/build/minimal_robot_gazebo': CMAKE_PREFIX_PATH=${CMAKE_PREFIX_PATH}:/opt/ros/humble /usr/bin/cmake --install /home/robotics/ros2_ws/build/minimal_robot_gazebo
[0.444s] -- Install configuration: ""
[0.444s] -- Up-to-date: /home/robotics/ros2_ws/install/minimal_robot_gazebo/share/minimal_robot_gazebo//launch
[0.444s] -- Up-to-date: /home/robotics/ros2_ws/install/minimal_robot_gazebo/share/minimal_robot_gazebo//launch/spawn_robot.launch.py
[0.445s] -- Installing: /home/robotics/ros2_ws/install/minimal_robot_gazebo/share/minimal_robot_gazebo/urdf/urdf
[0.446s] -- Installing: /home/robotics/ros2_ws/install/minimal_robot_gazebo/share/minimal_robot_gazebo/urdf/urdf/robot.urdf
[0.447s] -- Up-to-date: /home/robotics/ros2_ws/install/minimal_robot_gazebo/share/minimal_robot_gazebo/worlds
[0.448s] -- Up-to-date: /home/robotics/ros2_ws/install/minimal_robot_gazebo/share/minimal_robot_gazebo/worlds/my_world.world
[0.448s] -- Up-to-date: /home/robotics/ros2_ws/install/minimal_robot_gazebo/share/ament_index/resource_index/package_run_dependencies/minimal_robot_gazebo
[0.448s] -- Up-to-date: /home/robotics/ros2_ws/install/minimal_robot_gazebo/share/ament_index/resource_index/parent_prefix_path/minimal_robot_gazebo
[0.449s] -- Up-to-date: /home/robotics/ros2_ws/install/minimal_robot_gazebo/share/minimal_robot_gazebo/environment/ament_prefix_path.sh
[0.449s] -- Installing: /home/robotics/ros2_ws/install/minimal_robot_gazebo/share/minimal_robot_gazebo/environment/ament_prefix_path.dsv
[0.450s] -- Up-to-date: /home/robotics/ros2_ws/install/minimal_robot_gazebo/share/minimal_robot_gazebo/environment/path.sh
[0.451s] -- Installing: /home/robotics/ros2_ws/install/minimal_robot_gazebo/share/minimal_robot_gazebo/environment/path.dsv
[0.452s] -- Up-to-date: /home/robotics/ros2_ws/install/minimal_robot_gazebo/share/minimal_robot_gazebo/local_setup.bash
[0.452s] -- Up-to-date: /home/robotics/ros2_ws/install/minimal_robot_gazebo/share/minimal_robot_gazebo/local_setup.sh
[0.452s] -- Up-to-date: /home/robotics/ros2_ws/install/minimal_robot_gazebo/share/minimal_robot_gazebo/local_setup.zsh
[0.453s] -- Installing: /home/robotics/ros2_ws/install/minimal_robot_gazebo/share/minimal_robot_gazebo/local_setup.dsv
[0.454s] -- Installing: /home/robotics/ros2_ws/install/minimal_robot_gazebo/share/minimal_robot_gazebo/package.dsv
[0.455s] -- Up-to-date: /home/robotics/ros2_ws/install/minimal_robot_gazebo/share/ament_index/resource_index/packages/minimal_robot_gazebo
[0.455s] -- Up-to-date: /home/robotics/ros2_ws/install/minimal_robot_gazebo/share/minimal_robot_gazebo/cmake/minimal_robot_gazeboConfig.cmake
[0.456s] -- Up-to-date: /home/robotics/ros2_ws/install/minimal_robot_gazebo/share/minimal_robot_gazebo/cmake/minimal_robot_gazeboConfig-version.cmake
[0.456s] -- Up-to-date: /home/robotics/ros2_ws/install/minimal_robot_gazebo/share/minimal_robot_gazebo/package.xml
[0.457s] Invoked command in '/home/robotics/ros2_ws/build/minimal_robot_gazebo' returned '0': CMAKE_PREFIX_PATH=${CMAKE_PREFIX_PATH}:/opt/ros/humble /usr/bin/cmake --install /home/robotics/ros2_ws/build/minimal_robot_gazebo
