[0.037s] Invoking command in '/home/ros/ros2_ws/build/minimal_robot_gazebo': CMAKE_PREFIX_PATH=${CMAKE_PREFIX_PATH}:/opt/ros/humble /usr/bin/cmake --build /home/ros/ros2_ws/build/minimal_robot_gazebo -- -j8 -l8
[0.165s] -- Found ament_cmake: 1.3.11 (/opt/ros/humble/share/ament_cmake/cmake)
[0.450s] -- Found gazebo_ros: 3.9.0 (/opt/ros/humble/share/gazebo_ros/cmake)
[0.474s] -- Found rosidl_generator_c: 3.1.6 (/opt/ros/humble/share/rosidl_generator_c/cmake)
[0.479s] -- Found rosidl_adapter: 3.1.6 (/opt/ros/humble/share/rosidl_adapter/cmake)
[0.479s] -- Found rosidl_generator_cpp: 3.1.6 (/opt/ros/humble/share/rosidl_generator_cpp/cmake)
[0.485s] -- Using all available rosidl_typesupport_c: rosidl_typesupport_fastrtps_c;rosidl_typesupport_introspection_c
[0.493s] -- Using all available rosidl_typesupport_cpp: rosidl_typesupport_fastrtps_cpp;rosidl_typesupport_introspection_cpp
[0.511s] -- Found rmw_implementation_cmake: 6.1.2 (/opt/ros/humble/share/rmw_implementation_cmake/cmake)
[0.519s] -- Found rmw_fastrtps_cpp: 6.2.7 (/opt/ros/humble/share/rmw_fastrtps_cpp/cmake)
[0.624s] -- Using RMW implementation 'rmw_fastrtps_cpp' as default
[0.711s] -- Found DART: /usr/include (Required is at least version "6.6") found components: dart 
[0.760s] -- Found Protobuf: /usr/lib/x86_64-linux-gnu/libprotobuf.so (found version "3.12.4") 
[0.762s] -- Looking for ignition-math6 -- found version 6.15.1
[0.764s] -- Searching for dependencies of ignition-math6
[0.765s] -- Looking for OGRE...
[0.780s] -- Found Ogre Ghadamon (1.9.0)
[0.780s] -- Found OGRE: optimized;/usr/lib/x86_64-linux-gnu/libOgreMain.so;debug;/usr/lib/x86_64-linux-gnu/libOgreMain.so
[0.786s] -- Looking for OGRE_Paging...
[0.787s] -- Found OGRE_Paging: optimized;/usr/lib/x86_64-linux-gnu/libOgrePaging.so;debug;/usr/lib/x86_64-linux-gnu/libOgrePaging.so
[0.787s] -- Looking for OGRE_Terrain...
[0.787s] -- Found OGRE_Terrain: optimized;/usr/lib/x86_64-linux-gnu/libOgreTerrain.so;debug;/usr/lib/x86_64-linux-gnu/libOgreTerrain.so
[0.787s] -- Looking for OGRE_Property...
[0.788s] -- Found OGRE_Property: optimized;/usr/lib/x86_64-linux-gnu/libOgreProperty.so;debug;/usr/lib/x86_64-linux-gnu/libOgreProperty.so
[0.788s] -- Looking for OGRE_RTShaderSystem...
[0.788s] -- Found OGRE_RTShaderSystem: optimized;/usr/lib/x86_64-linux-gnu/libOgreRTShaderSystem.so;debug;/usr/lib/x86_64-linux-gnu/libOgreRTShaderSystem.so
[0.788s] -- Looking for OGRE_Volume...
[0.788s] -- Found OGRE_Volume: optimized;/usr/lib/x86_64-linux-gnu/libOgreVolume.so;debug;/usr/lib/x86_64-linux-gnu/libOgreVolume.so
[0.789s] -- Looking for OGRE_Overlay...
[0.789s] -- Found OGRE_Overlay: optimized;/usr/lib/x86_64-linux-gnu/libOgreOverlay.so;debug;/usr/lib/x86_64-linux-gnu/libOgreOverlay.so
[0.907s] -- Looking for ignition-math6 -- found version 6.15.1
[0.907s] -- Looking for ignition-transport8 -- found version 8.2.1
[0.907s] -- Searching for dependencies of ignition-transport8
[0.936s] -- Found Protobuf: /usr/lib/x86_64-linux-gnu/libprotobuf.so (found suitable version "3.12.4", minimum required is "3") 
[0.944s] -- Config-file not installed for ZeroMQ -- checking for pkg-config
[0.957s] -- Checking for module 'libzmq >= 4'
[1.033s] --   Found libzmq , version 4.3.4
[1.251s] -- Checking for module 'uuid'
[1.326s] --   Found uuid, version 2.37.2
[1.523s] -- Looking for ignition-msgs5 -- found version 5.8.1
[1.523s] -- Searching for dependencies of ignition-msgs5
[1.553s] -- Looking for ignition-math6 -- found version 6.15.1
[1.565s] -- Checking for module 'tinyxml2'
[1.645s] --   Found tinyxml2, version 9.0.0
[1.845s] -- Looking for ignition-msgs5 -- found version 5.8.1
[1.845s] -- Looking for ignition-common3 -- found version 3.14.0
[1.846s] -- Searching for dependencies of ignition-common3
[1.846s] -- Looking for dlfcn.h - found
[1.846s] -- Looking for libdl - found
[1.862s] -- Searching for <ignition-common3> component [graphics]
[1.863s] -- Looking for ignition-common3-graphics -- found version 3.14.0
[1.863s] -- Searching for dependencies of ignition-common3-graphics
[1.863s] -- Looking for ignition-math6 -- found version 6.15.1
[1.864s] -- Looking for ignition-fuel_tools4 -- found version 4.4.0
[1.864s] -- Searching for dependencies of ignition-fuel_tools4
[1.964s] -- Checking for module 'jsoncpp'
[2.040s] --   Found jsoncpp, version 1.9.5
[2.249s] -- Checking for module 'libzip'
[2.324s] --   Found libzip, version 1.7.3
[2.522s] -- Looking for ignition-common3 -- found version 3.14.0
[2.522s] -- Looking for ignition-math6 -- found version 6.15.1
[2.523s] -- Looking for ignition-msgs5 -- found version 5.8.1
[2.523s] -- Gazebo version: 11.10
[2.525s] -- Found ament_lint_auto: 0.12.12 (/opt/ros/humble/share/ament_lint_auto/cmake)
[2.651s] -- Added test 'flake8' to check Python code syntax and style conventions
[2.653s] -- Added test 'lint_cmake' to check CMake code style
[2.654s] -- Added test 'pep257' to check Python code against some of the docstring style conventions in PEP 257
[2.659s] -- Added test 'xmllint' to check XML markup files
[2.664s] -- Configuring done
[2.698s] -- Generating done
[2.716s] -- Build files have been written to: /home/ros/ros2_ws/build/minimal_robot_gazebo
[2.804s] Invoked command in '/home/ros/ros2_ws/build/minimal_robot_gazebo' returned '0': CMAKE_PREFIX_PATH=${CMAKE_PREFIX_PATH}:/opt/ros/humble /usr/bin/cmake --build /home/ros/ros2_ws/build/minimal_robot_gazebo -- -j8 -l8
[2.848s] Invoking command in '/home/ros/ros2_ws/build/minimal_robot_gazebo': CMAKE_PREFIX_PATH=${CMAKE_PREFIX_PATH}:/opt/ros/humble /usr/bin/cmake --install /home/ros/ros2_ws/build/minimal_robot_gazebo
[2.882s] -- Install configuration: ""
[2.882s] -- Up-to-date: /home/ros/ros2_ws/install/minimal_robot_gazebo/share/minimal_robot_gazebo/launch
[2.883s] -- Up-to-date: /home/ros/ros2_ws/install/minimal_robot_gazebo/share/minimal_robot_gazebo/launch/spawn_robot_launch.launch.py
[2.883s] -- Up-to-date: /home/ros/ros2_ws/install/minimal_robot_gazebo/share/minimal_robot_gazebo/urdf
[2.884s] -- Up-to-date: /home/ros/ros2_ws/install/minimal_robot_gazebo/share/minimal_robot_gazebo/urdf/robot.urdf
[2.884s] -- Up-to-date: /home/ros/ros2_ws/install/minimal_robot_gazebo/share/minimal_robot_gazebo//launch
[2.884s] -- Up-to-date: /home/ros/ros2_ws/install/minimal_robot_gazebo/share/minimal_robot_gazebo//launch/spawn_robot_launch.launch.py
[2.885s] -- Up-to-date: /home/ros/ros2_ws/install/minimal_robot_gazebo/share/ament_index/resource_index/package_run_dependencies/minimal_robot_gazebo
[2.885s] -- Installing: /home/ros/ros2_ws/install/minimal_robot_gazebo/share/ament_index/resource_index/parent_prefix_path/minimal_robot_gazebo
[2.888s] -- Up-to-date: /home/ros/ros2_ws/install/minimal_robot_gazebo/share/minimal_robot_gazebo/environment/ament_prefix_path.sh
[2.888s] -- Installing: /home/ros/ros2_ws/install/minimal_robot_gazebo/share/minimal_robot_gazebo/environment/ament_prefix_path.dsv
[2.890s] -- Up-to-date: /home/ros/ros2_ws/install/minimal_robot_gazebo/share/minimal_robot_gazebo/environment/path.sh
[2.890s] -- Installing: /home/ros/ros2_ws/install/minimal_robot_gazebo/share/minimal_robot_gazebo/environment/path.dsv
[2.891s] -- Up-to-date: /home/ros/ros2_ws/install/minimal_robot_gazebo/share/minimal_robot_gazebo/local_setup.bash
[2.891s] -- Up-to-date: /home/ros/ros2_ws/install/minimal_robot_gazebo/share/minimal_robot_gazebo/local_setup.sh
[2.892s] -- Up-to-date: /home/ros/ros2_ws/install/minimal_robot_gazebo/share/minimal_robot_gazebo/local_setup.zsh
[2.892s] -- Installing: /home/ros/ros2_ws/install/minimal_robot_gazebo/share/minimal_robot_gazebo/local_setup.dsv
[2.893s] -- Installing: /home/ros/ros2_ws/install/minimal_robot_gazebo/share/minimal_robot_gazebo/package.dsv
[2.894s] -- Up-to-date: /home/ros/ros2_ws/install/minimal_robot_gazebo/share/ament_index/resource_index/packages/minimal_robot_gazebo
[2.895s] -- Up-to-date: /home/ros/ros2_ws/install/minimal_robot_gazebo/share/minimal_robot_gazebo/cmake/minimal_robot_gazeboConfig.cmake
[2.895s] -- Up-to-date: /home/ros/ros2_ws/install/minimal_robot_gazebo/share/minimal_robot_gazebo/cmake/minimal_robot_gazeboConfig-version.cmake
[2.895s] -- Up-to-date: /home/ros/ros2_ws/install/minimal_robot_gazebo/share/minimal_robot_gazebo/package.xml
[2.901s] Invoked command in '/home/ros/ros2_ws/build/minimal_robot_gazebo' returned '0': CMAKE_PREFIX_PATH=${CMAKE_PREFIX_PATH}:/opt/ros/humble /usr/bin/cmake --install /home/ros/ros2_ws/build/minimal_robot_gazebo
