[0.041s] Invoking command in '/home/ros/ros2_ws/build/minimal_robot_gazebo': CMAKE_PREFIX_PATH=${CMAKE_PREFIX_PATH}:/opt/ros/humble /usr/bin/cmake --build /home/ros/ros2_ws/build/minimal_robot_gazebo -- -j8 -l8
[0.223s] Invoked command in '/home/ros/ros2_ws/build/minimal_robot_gazebo' returned '0': CMAKE_PREFIX_PATH=${CMAKE_PREFIX_PATH}:/opt/ros/humble /usr/bin/cmake --build /home/ros/ros2_ws/build/minimal_robot_gazebo -- -j8 -l8
[0.266s] Invoking command in '/home/ros/ros2_ws/build/minimal_robot_gazebo': CMAKE_PREFIX_PATH=${CMAKE_PREFIX_PATH}:/opt/ros/humble /usr/bin/cmake --install /home/ros/ros2_ws/build/minimal_robot_gazebo
[0.301s] -- Install configuration: ""
[0.301s] -- Up-to-date: /home/ros/ros2_ws/install/minimal_robot_gazebo/share/minimal_robot_gazebo/launch
[0.302s] -- Installing: /home/ros/ros2_ws/install/minimal_robot_gazebo/share/minimal_robot_gazebo/launch/spawn_robot_launch.launch.py
[0.304s] -- Up-to-date: /home/ros/ros2_ws/install/minimal_robot_gazebo/share/minimal_robot_gazebo/urdf
[0.305s] -- Up-to-date: /home/ros/ros2_ws/install/minimal_robot_gazebo/share/minimal_robot_gazebo/urdf/robot.urdf
[0.305s] -- Up-to-date: /home/ros/ros2_ws/install/minimal_robot_gazebo/share/ament_index/resource_index/package_run_dependencies/minimal_robot_gazebo
[0.306s] -- Up-to-date: /home/ros/ros2_ws/install/minimal_robot_gazebo/share/ament_index/resource_index/parent_prefix_path/minimal_robot_gazebo
[0.306s] -- Up-to-date: /home/ros/ros2_ws/install/minimal_robot_gazebo/share/minimal_robot_gazebo/environment/ament_prefix_path.sh
[0.307s] -- Up-to-date: /home/ros/ros2_ws/install/minimal_robot_gazebo/share/minimal_robot_gazebo/environment/ament_prefix_path.dsv
[0.307s] -- Up-to-date: /home/ros/ros2_ws/install/minimal_robot_gazebo/share/minimal_robot_gazebo/environment/path.sh
[0.307s] -- Up-to-date: /home/ros/ros2_ws/install/minimal_robot_gazebo/share/minimal_robot_gazebo/environment/path.dsv
[0.308s] -- Up-to-date: /home/ros/ros2_ws/install/minimal_robot_gazebo/share/minimal_robot_gazebo/local_setup.bash
[0.308s] -- Up-to-date: /home/ros/ros2_ws/install/minimal_robot_gazebo/share/minimal_robot_gazebo/local_setup.sh
[0.308s] -- Up-to-date: /home/ros/ros2_ws/install/minimal_robot_gazebo/share/minimal_robot_gazebo/local_setup.zsh
[0.309s] -- Up-to-date: /home/ros/ros2_ws/install/minimal_robot_gazebo/share/minimal_robot_gazebo/local_setup.dsv
[0.309s] -- Installing: /home/ros/ros2_ws/install/minimal_robot_gazebo/share/minimal_robot_gazebo/package.dsv
[0.310s] -- Up-to-date: /home/ros/ros2_ws/install/minimal_robot_gazebo/share/ament_index/resource_index/packages/minimal_robot_gazebo
[0.311s] -- Up-to-date: /home/ros/ros2_ws/install/minimal_robot_gazebo/share/minimal_robot_gazebo/cmake/minimal_robot_gazeboConfig.cmake
[0.311s] -- Up-to-date: /home/ros/ros2_ws/install/minimal_robot_gazebo/share/minimal_robot_gazebo/cmake/minimal_robot_gazeboConfig-version.cmake
[0.311s] -- Up-to-date: /home/ros/ros2_ws/install/minimal_robot_gazebo/share/minimal_robot_gazebo/package.xml
[0.318s] Invoked command in '/home/ros/ros2_ws/build/minimal_robot_gazebo' returned '0': CMAKE_PREFIX_PATH=${CMAKE_PREFIX_PATH}:/opt/ros/humble /usr/bin/cmake --install /home/ros/ros2_ws/build/minimal_robot_gazebo
